
ROM used:   214/65536 (0%)
            214/65536 (0%) including unused fragments

            0.1 Average locations per line
            0.6 Average locations per statement

RAM used:   28/3968 (1%) at main() level
            28/3968 (1%) worst case

Stack used: 1 worst case (0 in main + 1 for interrupts)
Stack size: 31

Lines Stmts  %   Files
----- ----- ---  -----
   31     2   1  Ordinario4G.c
  834     0   0  ..\..\..\..\..\Program Files (x86)\PICC\Devices\18F4620.h
 1351   359  99  ..\..\..\..\..\Program Files (x86)\PICC\Drivers\stdlib.h
   32     0   0  ..\..\..\..\..\Program Files (x86)\PICC\Drivers\stddef.h
  423     0   0  ..\..\..\..\..\Program Files (x86)\PICC\Drivers\string.h
   28     0   0  ..\..\..\..\..\Program Files (x86)\PICC\Drivers\ctype.h
   37     0   0  ..\..\..\..\..\Program Files (x86)\PICC\Drivers\stdio.h
----- -----
 2736   361 Total

Page ROM  %  RAM   Vol Diff  Functions:
---- --- --- ---   --- ----  ----------
0      6   1    0     5  1.0  isr_rda
0      6   1    0     3  0.0  timer_0
0     44  10    0    18  1.0  MAIN
 Inline         0             @cinit1

Program metrics:
    Functions               3
    Statements              361
    Comments                702
    Volume (V)              44
    Difficulty (D)          1.8
    Effort to implement (E) 78
    Time to implement (T)   0 minutes
    Est Delivered Bugs (B)  0
    Cyclomatic Complexity   1
    Maintainability (MI)    30

 Segment     Used  Free
-----------  ----  ----
00000-00002     4  0  
00004-00006     0  4  
00008-000A0   154  0  
000A2-0FFFE    56  65318  



